# JRE version: OpenJDK Runtime Environment (8.0_242-b08) (build 1.8.0_242-b08)
# Java VM: OpenJDK 64-Bit Server VM (25.242-b08 mixed mode linux-amd64 compressed oops)
Heap:
 PSYoungGen      total 25088K, used 12716K [0x00000000d7180000, 0x00000000d8d00000, 0x0000000100000000)
  eden space 22016K, 51% used [0x00000000d7180000,0x00000000d7c78268,0x00000000d8700000)
  from space 3072K, 48% used [0x00000000d8a00000,0x00000000d8b72de8,0x00000000d8d00000)
  to   space 3072K, 0% used [0x00000000d8700000,0x00000000d8700000,0x00000000d8a00000)
 ParOldGen       total 44544K, used 11603K [0x0000000085400000, 0x0000000087f80000, 0x00000000d7180000)
  object space 44544K, 26% used [0x0000000085400000,0x0000000085f54d18,0x0000000087f80000)
 Metaspace       used 24589K, capacity 25580K, committed 25776K, reserved 1071104K
  class space    used 2881K, capacity 3204K, committed 3248K, reserved 1048576K
GC Heap History (10 events):
Event: 1202.139 GC heap before
{Heap before GC invocations=133 (full 1):
 PSYoungGen      total 24576K, used 23565K [0x00000000d7180000, 0x00000000d8d00000, 0x0000000100000000)
  eden space 22016K, 100% used [0x00000000d7180000,0x00000000d8700000,0x00000000d8700000)
  from space 2560K, 60% used [0x00000000d8700000,0x00000000d8883620,0x00000000d8980000)
  to   space 3072K, 0% used [0x00000000d8a00000,0x00000000d8a00000,0x00000000d8d00000)
 ParOldGen       total 44544K, used 11555K [0x0000000085400000, 0x0000000087f80000, 0x00000000d7180000)
  object space 44544K, 25% used [0x0000000085400000,0x0000000085f48d18,0x0000000087f80000)
 Metaspace       used 24563K, capacity 25562K, committed 25776K, reserved 1071104K
  class space    used 2877K, capacity 3199K, committed 3248K, reserved 1048576K
Event: 1202.149 GC heap after
Heap after GC invocations=133 (full 1):
 PSYoungGen      total 25088K, used 1752K [0x00000000d7180000, 0x00000000d8d00000, 0x0000000100000000)
  eden space 22016K, 0% used [0x00000000d7180000,0x00000000d7180000,0x00000000d8700000)
  from space 3072K, 57% used [0x00000000d8a00000,0x00000000d8bb60a8,0x00000000d8d00000)
  to   space 3072K, 0% used [0x00000000d8700000,0x00000000d8700000,0x00000000d8a00000)
 ParOldGen       total 44544K, used 11563K [0x0000000085400000, 0x0000000087f80000, 0x00000000d7180000)
  object space 44544K, 25% used [0x0000000085400000,0x0000000085f4ad18,0x0000000087f80000)
 Metaspace       used 24563K, capacity 25562K, committed 25776K, reserved 1071104K
  class space    used 2877K, capacity 3199K, committed 3248K, reserved 1048576K
}
Event: 1205.751 GC heap before
{Heap before GC invocations=134 (full 1):
 PSYoungGen      total 25088K, used 23761K [0x00000000d7180000, 0x00000000d8d00000, 0x0000000100000000)
  eden space 22016K, 99% used [0x00000000d7180000,0x00000000d86fe3b0,0x00000000d8700000)
  from space 3072K, 57% used [0x00000000d8a00000,0x00000000d8bb60a8,0x00000000d8d00000)
  to   space 3072K, 0% used [0x00000000d8700000,0x00000000d8700000,0x00000000d8a00000)
 ParOldGen       total 44544K, used 11563K [0x0000000085400000, 0x0000000087f80000, 0x00000000d7180000)
  object space 44544K, 25% used [0x0000000085400000,0x0000000085f4ad18,0x0000000087f80000)
 Metaspace       used 24563K, capacity 25562K, committed 25776K, reserved 1071104K
  class space    used 2877K, capacity 3199K, committed 3248K, reserved 1048576K
Event: 1205.755 GC heap after
Heap after GC invocations=134 (full 1):
 PSYoungGen      total 25088K, used 1658K [0x00000000d7180000, 0x00000000d8d00000, 0x0000000100000000)
  eden space 22016K, 0% used [0x00000000d7180000,0x00000000d7180000,0x00000000d8700000)
  from space 3072K, 53% used [0x00000000d8700000,0x00000000d889e878,0x00000000d8a00000)
  to   space 3072K, 0% used [0x00000000d8a00000,0x00000000d8a00000,0x00000000d8d00000)
 ParOldGen       total 44544K, used 11571K [0x0000000085400000, 0x0000000087f80000, 0x00000000d7180000)
  object space 44544K, 25% used [0x0000000085400000,0x0000000085f4cd18,0x0000000087f80000)
 Metaspace       used 24563K, capacity 25562K, committed 25776K, reserved 1071104K
  class space    used 2877K, capacity 3199K, committed 3248K, reserved 1048576K
}
Event: 1209.568 GC heap before
{Heap before GC invocations=135 (full 1):
 PSYoungGen      total 25088K, used 23674K [0x00000000d7180000, 0x00000000d8d00000, 0x0000000100000000)
  eden space 22016K, 100% used [0x00000000d7180000,0x00000000d8700000,0x00000000d8700000)
  from space 3072K, 53% used [0x00000000d8700000,0x00000000d889e878,0x00000000d8a00000)
  to   space 3072K, 0% used [0x00000000d8a00000,0x00000000d8a00000,0x00000000d8d00000)
 ParOldGen       total 44544K, used 11571K [0x0000000085400000, 0x0000000087f80000, 0x00000000d7180000)
  object space 44544K, 25% used [0x0000000085400000,0x0000000085f4cd18,0x0000000087f80000)
 Metaspace       used 24566K, capacity 25562K, committed 25776K, reserved 1071104K
  class space    used 2877K, capacity 3199K, committed 3248K, reserved 1048576K
Event: 1209.591 GC heap after
Heap after GC invocations=135 (full 1):
 PSYoungGen      total 25088K, used 1678K [0x00000000d7180000, 0x00000000d8d00000, 0x0000000100000000)
  eden space 22016K, 0% used [0x00000000d7180000,0x00000000d7180000,0x00000000d8700000)
  from space 3072K, 54% used [0x00000000d8a00000,0x00000000d8ba39c0,0x00000000d8d00000)
  to   space 3072K, 0% used [0x00000000d8700000,0x00000000d8700000,0x00000000d8a00000)
 ParOldGen       total 44544K, used 11587K [0x0000000085400000, 0x0000000087f80000, 0x00000000d7180000)
  object space 44544K, 26% used [0x0000000085400000,0x0000000085f50d18,0x0000000087f80000)
 Metaspace       used 24566K, capacity 25562K, committed 25776K, reserved 1071104K
  class space    used 2877K, capacity 3199K, committed 3248K, reserved 1048576K
}
Event: 1212.033 GC heap before
{Heap before GC invocations=136 (full 1):
 PSYoungGen      total 25088K, used 23694K [0x00000000d7180000, 0x00000000d8d00000, 0x0000000100000000)
  eden space 22016K, 100% used [0x00000000d7180000,0x00000000d8700000,0x00000000d8700000)
  from space 3072K, 54% used [0x00000000d8a00000,0x00000000d8ba39c0,0x00000000d8d00000)
  to   space 3072K, 0% used [0x00000000d8700000,0x00000000d8700000,0x00000000d8a00000)
 ParOldGen       total 44544K, used 11587K [0x0000000085400000, 0x0000000087f80000, 0x00000000d7180000)
  object space 44544K, 26% used [0x0000000085400000,0x0000000085f50d18,0x0000000087f80000)
 Metaspace       used 24571K, capacity 25562K, committed 25776K, reserved 1071104K
  class space    used 2877K, capacity 3199K, committed 3248K, reserved 1048576K
Event: 1212.037 GC heap after
Heap after GC invocations=136 (full 1):
 PSYoungGen      total 25088K, used 1647K [0x00000000d7180000, 0x00000000d8d00000, 0x0000000100000000)
  eden space 22016K, 0% used [0x00000000d7180000,0x00000000d7180000,0x00000000d8700000)
  from space 3072K, 53% used [0x00000000d8700000,0x00000000d889bf48,0x00000000d8a00000)
  to   space 3072K, 0% used [0x00000000d8a00000,0x00000000d8a00000,0x00000000d8d00000)
 ParOldGen       total 44544K, used 11595K [0x0000000085400000, 0x0000000087f80000, 0x00000000d7180000)
  object space 44544K, 26% used [0x0000000085400000,0x0000000085f52d18,0x0000000087f80000)
 Metaspace       used 24571K, capacity 25562K, committed 25776K, reserved 1071104K
  class space    used 2877K, capacity 3199K, committed 3248K, reserved 1048576K
}
Event: 1214.968 GC heap before
{Heap before GC invocations=137 (full 1):
 PSYoungGen      total 25088K, used 23419K [0x00000000d7180000, 0x00000000d8d00000, 0x0000000100000000)
  eden space 22016K, 98% used [0x00000000d7180000,0x00000000d86c2e80,0x00000000d8700000)
  from space 3072K, 53% used [0x00000000d8700000,0x00000000d889bf48,0x00000000d8a00000)
  to   space 3072K, 0% used [0x00000000d8a00000,0x00000000d8a00000,0x00000000d8d00000)
 ParOldGen       total 44544K, used 11595K [0x0000000085400000, 0x0000000087f80000, 0x00000000d7180000)
  object space 44544K, 26% used [0x0000000085400000,0x0000000085f52d18,0x0000000087f80000)
 Metaspace       used 24572K, capacity 25562K, committed 25776K, reserved 1071104K
  class space    used 2877K, capacity 3199K, committed 3248K, reserved 1048576K
Event: 1214.971 GC heap after
Heap after GC invocations=137 (full 1):
 PSYoungGen      total 25088K, used 1483K [0x00000000d7180000, 0x00000000d8d00000, 0x0000000100000000)
  eden space 22016K, 0% used [0x00000000d7180000,0x00000000d7180000,0x00000000d8700000)
  from space 3072K, 48% used [0x00000000d8a00000,0x00000000d8b72de8,0x00000000d8d00000)
  to   space 3072K, 0% used [0x00000000d8700000,0x00000000d8700000,0x00000000d8a00000)
 ParOldGen       total 44544K, used 11603K [0x0000000085400000, 0x0000000087f80000, 0x00000000d7180000)
  object space 44544K, 26% used [0x0000000085400000,0x0000000085f54d18,0x0000000087f80000)
 Metaspace       used 24572K, capacity 25562K, committed 25776K, reserved 1071104K
  class space    used 2877K, capacity 3199K, committed 3248K, reserved 1048576K
}

