# JRE version: OpenJDK Runtime Environment (8.0_242-b08) (build 1.8.0_242-b08)
# Java VM: OpenJDK 64-Bit Server VM (25.242-b08 mixed mode linux-amd64 compressed oops)
Heap:
 PSYoungGen      total 36864K, used 17888K [0x00000000d7180000, 0x00000000db980000, 0x0000000100000000)
  eden space 31744K, 56% used [0x00000000d7180000,0x00000000d82f8350,0x00000000d9080000)
  from space 5120K, 0% used [0x00000000d9080000,0x00000000d9080000,0x00000000d9580000)
  to   space 5120K, 0% used [0x00000000db480000,0x00000000db480000,0x00000000db980000)
 ParOldGen       total 59904K, used 12161K [0x0000000085400000, 0x0000000088e80000, 0x00000000d7180000)
  object space 59904K, 20% used [0x0000000085400000,0x0000000085fe04f0,0x0000000088e80000)
 Metaspace       used 21498K, capacity 22298K, committed 22448K, reserved 1069056K
  class space    used 2648K, capacity 2931K, committed 2992K, reserved 1048576K
GC Heap History (8 events):
Event: 1.176 GC heap before
{Heap before GC invocations=1 (full 0):
 PSYoungGen      total 36864K, used 31744K [0x00000000d7180000, 0x00000000d9a80000, 0x0000000100000000)
  eden space 31744K, 100% used [0x00000000d7180000,0x00000000d9080000,0x00000000d9080000)
  from space 5120K, 0% used [0x00000000d9580000,0x00000000d9580000,0x00000000d9a80000)
  to   space 5120K, 0% used [0x00000000d9080000,0x00000000d9080000,0x00000000d9580000)
 ParOldGen       total 84992K, used 0K [0x0000000085400000, 0x000000008a700000, 0x00000000d7180000)
  object space 84992K, 0% used [0x0000000085400000,0x0000000085400000,0x000000008a700000)
 Metaspace       used 10999K, capacity 11308K, committed 11392K, reserved 1058816K
  class space    used 1283K, capacity 1390K, committed 1408K, reserved 1048576K
Event: 1.193 GC heap after
Heap after GC invocations=1 (full 0):
 PSYoungGen      total 36864K, used 5088K [0x00000000d7180000, 0x00000000db980000, 0x0000000100000000)
  eden space 31744K, 0% used [0x00000000d7180000,0x00000000d7180000,0x00000000d9080000)
  from space 5120K, 99% used [0x00000000d9080000,0x00000000d9578030,0x00000000d9580000)
  to   space 5120K, 0% used [0x00000000db480000,0x00000000db480000,0x00000000db980000)
 ParOldGen       total 84992K, used 4872K [0x0000000085400000, 0x000000008a700000, 0x00000000d7180000)
  object space 84992K, 5% used [0x0000000085400000,0x00000000858c20d0,0x000000008a700000)
 Metaspace       used 10999K, capacity 11308K, committed 11392K, reserved 1058816K
  class space    used 1283K, capacity 1390K, committed 1408K, reserved 1048576K
}
Event: 4.104 GC heap before
{Heap before GC invocations=2 (full 0):
 PSYoungGen      total 36864K, used 36832K [0x00000000d7180000, 0x00000000db980000, 0x0000000100000000)
  eden space 31744K, 100% used [0x00000000d7180000,0x00000000d9080000,0x00000000d9080000)
  from space 5120K, 99% used [0x00000000d9080000,0x00000000d9578030,0x00000000d9580000)
  to   space 5120K, 0% used [0x00000000db480000,0x00000000db480000,0x00000000db980000)
 ParOldGen       total 84992K, used 4872K [0x0000000085400000, 0x000000008a700000, 0x00000000d7180000)
  object space 84992K, 5% used [0x0000000085400000,0x00000000858c20d0,0x000000008a700000)
 Metaspace       used 18755K, capacity 19540K, committed 19840K, reserved 1067008K
  class space    used 2339K, capacity 2636K, committed 2688K, reserved 1048576K
Event: 4.112 GC heap after
Heap after GC invocations=2 (full 0):
 PSYoungGen      total 36864K, used 5104K [0x00000000d7180000, 0x00000000db980000, 0x0000000100000000)
  eden space 31744K, 0% used [0x00000000d7180000,0x00000000d7180000,0x00000000d9080000)
  from space 5120K, 99% used [0x00000000db480000,0x00000000db97c0e0,0x00000000db980000)
  to   space 5120K, 0% used [0x00000000d9080000,0x00000000d9080000,0x00000000d9580000)
 ParOldGen       total 84992K, used 11385K [0x0000000085400000, 0x000000008a700000, 0x00000000d7180000)
  object space 84992K, 13% used [0x0000000085400000,0x0000000085f1e4a0,0x000000008a700000)
 Metaspace       used 18755K, capacity 19540K, committed 19840K, reserved 1067008K
  class space    used 2339K, capacity 2636K, committed 2688K, reserved 1048576K
}
Event: 4.228 GC heap before
{Heap before GC invocations=3 (full 0):
 PSYoungGen      total 36864K, used 13526K [0x00000000d7180000, 0x00000000db980000, 0x0000000100000000)
  eden space 31744K, 26% used [0x00000000d7180000,0x00000000d79b97d0,0x00000000d9080000)
  from space 5120K, 99% used [0x00000000db480000,0x00000000db97c0e0,0x00000000db980000)
  to   space 5120K, 0% used [0x00000000d9080000,0x00000000d9080000,0x00000000d9580000)
 ParOldGen       total 84992K, used 11385K [0x0000000085400000, 0x000000008a700000, 0x00000000d7180000)
  object space 84992K, 13% used [0x0000000085400000,0x0000000085f1e4a0,0x000000008a700000)
 Metaspace       used 20501K, capacity 21204K, committed 21296K, reserved 1067008K
  class space    used 2546K, capacity 2828K, committed 2864K, reserved 1048576K
Event: 4.233 GC heap after
Heap after GC invocations=3 (full 0):
 PSYoungGen      total 36864K, used 5104K [0x00000000d7180000, 0x00000000db980000, 0x0000000100000000)
  eden space 31744K, 0% used [0x00000000d7180000,0x00000000d7180000,0x00000000d9080000)
  from space 5120K, 99% used [0x00000000d9080000,0x00000000d957c100,0x00000000d9580000)
  to   space 5120K, 0% used [0x00000000db480000,0x00000000db480000,0x00000000db980000)
 ParOldGen       total 84992K, used 13293K [0x0000000085400000, 0x000000008a700000, 0x00000000d7180000)
  object space 84992K, 15% used [0x0000000085400000,0x00000000860fb6a0,0x000000008a700000)
 Metaspace       used 20501K, capacity 21204K, committed 21296K, reserved 1067008K
  class space    used 2546K, capacity 2828K, committed 2864K, reserved 1048576K
}
Event: 4.233 GC heap before
{Heap before GC invocations=4 (full 1):
 PSYoungGen      total 36864K, used 5104K [0x00000000d7180000, 0x00000000db980000, 0x0000000100000000)
  eden space 31744K, 0% used [0x00000000d7180000,0x00000000d7180000,0x00000000d9080000)
  from space 5120K, 99% used [0x00000000d9080000,0x00000000d957c100,0x00000000d9580000)
  to   space 5120K, 0% used [0x00000000db480000,0x00000000db480000,0x00000000db980000)
 ParOldGen       total 84992K, used 13293K [0x0000000085400000, 0x000000008a700000, 0x00000000d7180000)
  object space 84992K, 15% used [0x0000000085400000,0x00000000860fb6a0,0x000000008a700000)
 Metaspace       used 20501K, capacity 21204K, committed 21296K, reserved 1067008K
  class space    used 2546K, capacity 2828K, committed 2864K, reserved 1048576K
Event: 4.259 GC heap after
Heap after GC invocations=4 (full 1):
 PSYoungGen      total 36864K, used 0K [0x00000000d7180000, 0x00000000db980000, 0x0000000100000000)
  eden space 31744K, 0% used [0x00000000d7180000,0x00000000d7180000,0x00000000d9080000)
  from space 5120K, 0% used [0x00000000d9080000,0x00000000d9080000,0x00000000d9580000)
  to   space 5120K, 0% used [0x00000000db480000,0x00000000db480000,0x00000000db980000)
 ParOldGen       total 59904K, used 12161K [0x0000000085400000, 0x0000000088e80000, 0x00000000d7180000)
  object space 59904K, 20% used [0x0000000085400000,0x0000000085fe04f0,0x0000000088e80000)
 Metaspace       used 20501K, capacity 21204K, committed 21296K, reserved 1067008K
  class space    used 2546K, capacity 2828K, committed 2864K, reserved 1048576K
}

