# JRE version: OpenJDK Runtime Environment (8.0_242-b08) (build 1.8.0_242-b08)
# Java VM: OpenJDK 64-Bit Server VM (25.242-b08 mixed mode linux-amd64 compressed oops)
Heap:
 PSYoungGen      total 36864K, used 10415K [0x00000000d7180000, 0x00000000db980000, 0x0000000100000000)
  eden space 31744K, 32% used [0x00000000d7180000,0x00000000d7babd10,0x00000000d9080000)
  from space 5120K, 0% used [0x00000000d9580000,0x00000000d9580000,0x00000000d9a80000)
  to   space 5120K, 0% used [0x00000000d9080000,0x00000000d9080000,0x00000000d9580000)
 ParOldGen       total 56320K, used 7634K [0x0000000085400000, 0x0000000088b00000, 0x00000000d7180000)
  object space 56320K, 13% used [0x0000000085400000,0x0000000085b74ba0,0x0000000088b00000)
 Metaspace       used 21862K, capacity 22640K, committed 22784K, reserved 1069056K
  class space    used 2734K, capacity 3029K, committed 3072K, reserved 1048576K
GC Heap History (6 events):
Event: 0.947 GC heap before
{Heap before GC invocations=1 (full 0):
 PSYoungGen      total 36864K, used 31744K [0x00000000d7180000, 0x00000000d9a80000, 0x0000000100000000)
  eden space 31744K, 100% used [0x00000000d7180000,0x00000000d9080000,0x00000000d9080000)
  from space 5120K, 0% used [0x00000000d9580000,0x00000000d9580000,0x00000000d9a80000)
  to   space 5120K, 0% used [0x00000000d9080000,0x00000000d9080000,0x00000000d9580000)
 ParOldGen       total 84992K, used 0K [0x0000000085400000, 0x000000008a700000, 0x00000000d7180000)
  object space 84992K, 0% used [0x0000000085400000,0x0000000085400000,0x000000008a700000)
 Metaspace       used 14734K, capacity 15248K, committed 15360K, reserved 1062912K
  class space    used 1784K, capacity 2012K, committed 2048K, reserved 1048576K
Event: 0.954 GC heap after
Heap after GC invocations=1 (full 0):
 PSYoungGen      total 36864K, used 5108K [0x00000000d7180000, 0x00000000d9a80000, 0x0000000100000000)
  eden space 31744K, 0% used [0x00000000d7180000,0x00000000d7180000,0x00000000d9080000)
  from space 5120K, 99% used [0x00000000d9080000,0x00000000d957d2c8,0x00000000d9580000)
  to   space 5120K, 0% used [0x00000000d9580000,0x00000000d9580000,0x00000000d9a80000)
 ParOldGen       total 84992K, used 2660K [0x0000000085400000, 0x000000008a700000, 0x00000000d7180000)
  object space 84992K, 3% used [0x0000000085400000,0x0000000085699330,0x000000008a700000)
 Metaspace       used 14734K, capacity 15248K, committed 15360K, reserved 1062912K
  class space    used 1784K, capacity 2012K, committed 2048K, reserved 1048576K
}
Event: 1.814 GC heap before
{Heap before GC invocations=2 (full 0):
 PSYoungGen      total 36864K, used 27941K [0x00000000d7180000, 0x00000000d9a80000, 0x0000000100000000)
  eden space 31744K, 71% used [0x00000000d7180000,0x00000000d87cc300,0x00000000d9080000)
  from space 5120K, 99% used [0x00000000d9080000,0x00000000d957d2c8,0x00000000d9580000)
  to   space 5120K, 0% used [0x00000000d9580000,0x00000000d9580000,0x00000000d9a80000)
 ParOldGen       total 84992K, used 2660K [0x0000000085400000, 0x000000008a700000, 0x00000000d7180000)
  object space 84992K, 3% used [0x0000000085400000,0x0000000085699330,0x000000008a700000)
 Metaspace       used 20389K, capacity 21106K, committed 21296K, reserved 1067008K
  class space    used 2540K, capacity 2825K, committed 2944K, reserved 1048576K
Event: 1.838 GC heap after
Heap after GC invocations=2 (full 0):
 PSYoungGen      total 36864K, used 5088K [0x00000000d7180000, 0x00000000db980000, 0x0000000100000000)
  eden space 31744K, 0% used [0x00000000d7180000,0x00000000d7180000,0x00000000d9080000)
  from space 5120K, 99% used [0x00000000d9580000,0x00000000d9a78100,0x00000000d9a80000)
  to   space 5120K, 0% used [0x00000000d9080000,0x00000000d9080000,0x00000000d9580000)
 ParOldGen       total 84992K, used 5370K [0x0000000085400000, 0x000000008a700000, 0x00000000d7180000)
  object space 84992K, 6% used [0x0000000085400000,0x000000008593ebb8,0x000000008a700000)
 Metaspace       used 20389K, capacity 21106K, committed 21296K, reserved 1067008K
  class space    used 2540K, capacity 2825K, committed 2944K, reserved 1048576K
}
Event: 1.838 GC heap before
{Heap before GC invocations=3 (full 1):
 PSYoungGen      total 36864K, used 5088K [0x00000000d7180000, 0x00000000db980000, 0x0000000100000000)
  eden space 31744K, 0% used [0x00000000d7180000,0x00000000d7180000,0x00000000d9080000)
  from space 5120K, 99% used [0x00000000d9580000,0x00000000d9a78100,0x00000000d9a80000)
  to   space 5120K, 0% used [0x00000000d9080000,0x00000000d9080000,0x00000000d9580000)
 ParOldGen       total 84992K, used 5370K [0x0000000085400000, 0x000000008a700000, 0x00000000d7180000)
  object space 84992K, 6% used [0x0000000085400000,0x000000008593ebb8,0x000000008a700000)
 Metaspace       used 20389K, capacity 21106K, committed 21296K, reserved 1067008K
  class space    used 2540K, capacity 2825K, committed 2944K, reserved 1048576K
Event: 1.862 GC heap after
Heap after GC invocations=3 (full 1):
 PSYoungGen      total 36864K, used 0K [0x00000000d7180000, 0x00000000db980000, 0x0000000100000000)
  eden space 31744K, 0% used [0x00000000d7180000,0x00000000d7180000,0x00000000d9080000)
  from space 5120K, 0% used [0x00000000d9580000,0x00000000d9580000,0x00000000d9a80000)
  to   space 5120K, 0% used [0x00000000d9080000,0x00000000d9080000,0x00000000d9580000)
 ParOldGen       total 56320K, used 7634K [0x0000000085400000, 0x0000000088b00000, 0x00000000d7180000)
  object space 56320K, 13% used [0x0000000085400000,0x0000000085b74ba0,0x0000000088b00000)
 Metaspace       used 20389K, capacity 21106K, committed 21296K, reserved 1067008K
  class space    used 2540K, capacity 2825K, committed 2944K, reserved 1048576K
}

